<?xml version="1.0" encoding="UTF-8"?>
<!-- Generated by org.testng.reporters.JUnitReportReporter -->
<testsuite name="com.Callhub.qa.TestCases.SearchAppleTC" tests="1" time="14.750" ignored="0" failures="0" timestamp="21 Apr 2019 13:39:59 GMT" skipped="0" hostname="DESKTOP-CAERA9Q" errors="0">
  <testcase name="close" time="14.750" classname="com.Callhub.qa.TestCases.SearchAppleTC"/>
</testsuite> <!-- com.Callhub.qa.TestCases.SearchAppleTC -->
