<?xml version="1.0" encoding="UTF-8"?>
<!-- Generated by org.testng.reporters.JUnitReportReporter -->
<testsuite name="com.Callhub.qa.TestCases.CartTC" tests="1" time="18.568" ignored="0" failures="0" timestamp="21 Apr 2019 13:26:38 GMT" skipped="0" hostname="DESKTOP-CAERA9Q" errors="0">
  <testcase name="Test" time="18.568" classname="com.Callhub.qa.TestCases.CartTC"/>
</testsuite> <!-- com.Callhub.qa.TestCases.CartTC -->
